\BOOKMARK [0][-]{chapter.1}{\376\377\000I\000n\000t\000r\000o\000d\000u\000c\000c\000i\000\363\000n}{}% 1
\BOOKMARK [1][-]{section.1.1}{Objetivos}{chapter.1}% 2
\BOOKMARK [0][-]{chapter.2}{\376\377\000E\000s\000t\000a\000d\000o\000\040\000d\000e\000l\000\040\000A\000r\000t\000e\000\040\000y\000\040\000M\000a\000r\000c\000o\000\040\000T\000e\000\363\000r\000i\000c\000o}{}% 3
\BOOKMARK [1][-]{section.2.1}{Inteligencia\040de\040Negocios\040y\040Data\040Warehousing}{chapter.2}% 4
\BOOKMARK [2][-]{subsection.2.1.1}{\376\377\000M\000e\000t\000o\000d\000o\000l\000o\000g\000\355\000a\000\040\000d\000e\000\040\000R\000a\000l\000p\000h\000\040\000K\000i\000m\000b\000a\000l\000l}{section.2.1}% 5
\BOOKMARK [1][-]{section.2.2}{Procesos\040ETL\040y\040Apache\040Hop}{chapter.2}% 6
\BOOKMARK [2][-]{subsection.2.2.1}{\376\377\000E\000l\000e\000c\000c\000i\000\363\000n\000\040\000d\000e\000\040\000A\000p\000a\000c\000h\000e\000\040\000H\000o\000p}{section.2.2}% 7
\BOOKMARK [0][-]{chapter.3}{\376\377\000M\000e\000t\000o\000d\000o\000l\000o\000g\000\355\000a\000\040\000y\000\040\000P\000l\000a\000n\000i\000f\000i\000c\000a\000c\000i\000\363\000n}{}% 8
\BOOKMARK [1][-]{section.3.1}{\376\377\000M\000e\000t\000o\000d\000o\000l\000o\000g\000\355\000a\000\040\000d\000e\000\040\000D\000e\000s\000a\000r\000r\000o\000l\000l\000o}{chapter.3}% 9
\BOOKMARK [1][-]{section.3.2}{\376\377\000G\000e\000s\000t\000i\000\363\000n\000\040\000y\000\040\000C\000o\000n\000t\000r\000o\000l\000\040\000d\000e\000\040\000V\000e\000r\000s\000i\000o\000n\000e\000s}{chapter.3}% 10
\BOOKMARK [0][-]{chapter.4}{\376\377\000A\000n\000\341\000l\000i\000s\000i\000s\000\040\000y\000\040\000A\000r\000q\000u\000i\000t\000e\000c\000t\000u\000r\000a}{}% 11
\BOOKMARK [1][-]{section.4.1}{Requisitos\040del\040Sistema}{chapter.4}% 12
\BOOKMARK [1][-]{section.4.2}{\376\377\000A\000n\000\341\000l\000i\000s\000i\000s\000\040\000d\000e\000l\000\040\000S\000i\000s\000t\000e\000m\000a\000\040\000T\000r\000a\000n\000s\000a\000c\000c\000i\000o\000n\000a\000l\000\040\000O\000r\000i\000g\000e\000n}{chapter.4}% 13
\BOOKMARK [1][-]{section.4.3}{\376\377\000A\000r\000q\000u\000i\000t\000e\000c\000t\000u\000r\000a\000\040\000T\000e\000c\000n\000o\000l\000\363\000g\000i\000c\000a\000\040\000b\000a\000s\000a\000d\000a\000\040\000e\000n\000\040\000D\000o\000c\000k\000e\000r}{chapter.4}% 14
\BOOKMARK [2][-]{subsection.4.3.1}{\376\377\000J\000u\000s\000t\000i\000f\000i\000c\000a\000c\000i\000\363\000n\000\040\000d\000e\000l\000\040\000P\000a\000r\000a\000d\000i\000g\000m\000a\000\040\000d\000e\000\040\000C\000o\000n\000t\000e\000n\000e\000d\000o\000r\000e\000s}{section.4.3}% 15
\BOOKMARK [0][-]{chapter.5}{\376\377\000D\000i\000s\000e\000\361\000o\000\040\000d\000e\000l\000\040\000D\000a\000t\000a\000m\000a\000r\000t\000\040\000A\000n\000a\000l\000\355\000t\000i\000c\000o}{}% 16
\BOOKMARK [1][-]{section.5.1}{Modelo\040Dimensional\040en\040Estrella}{chapter.5}% 17
\BOOKMARK [2][-]{subsection.5.1.1}{Tablas\040de\040Dimensiones\040en\040Detalle}{section.5.1}% 18
\BOOKMARK [2][-]{subsection.5.1.2}{Tablas\040de\040Hechos}{section.5.1}% 19
\BOOKMARK [1][-]{section.5.2}{\376\377\000R\000e\000g\000l\000a\000s\000\040\000d\000e\000\040\000N\000e\000g\000o\000c\000i\000o\000\040\000y\000\040\000C\000\341\000l\000c\000u\000l\000o\000\040\000d\000e\000\040\000R\000i\000e\000s\000g\000o\000s}{chapter.5}% 20
\BOOKMARK [2][-]{subsection.5.2.1}{\376\377\000R\000i\000e\000s\000g\000o\000\040\000S\000o\000c\000i\000o\000e\000c\000o\000n\000\363\000m\000i\000c\000o}{section.5.2}% 21
\BOOKMARK [2][-]{subsection.5.2.2}{Riesgo\040de\040Abandono\040del\040Alumno}{section.5.2}% 22
\BOOKMARK [0][-]{chapter.6}{Capa\040ETL\040con\040Apache\040Hop}{}% 23
\BOOKMARK [1][-]{section.6.1}{\376\377\000C\000o\000n\000f\000i\000g\000u\000r\000a\000c\000i\000\363\000n\000\040\000d\000e\000l\000\040\000E\000n\000t\000o\000r\000n\000o\000\040\000y\000\040\000C\000o\000n\000e\000x\000i\000o\000n\000e\000s}{chapter.6}% 24
\BOOKMARK [1][-]{section.6.2}{\376\377\000A\000n\000\341\000l\000i\000s\000i\000s\000\040\000d\000e\000\040\000P\000i\000p\000e\000l\000i\000n\000e\000s}{chapter.6}% 25
\BOOKMARK [2][-]{subsection.6.2.1}{Volcado\040a\040Staging}{section.6.2}% 26
\BOOKMARK [2][-]{subsection.6.2.2}{\376\377\000D\000i\000m\000e\000n\000s\000i\000\363\000n\000\040\000d\000e\000\040\000D\000e\000m\000o\000g\000r\000a\000\355\000a\000\040\000F\000a\000m\000i\000l\000i\000a\000r}{section.6.2}% 27
\BOOKMARK [2][-]{subsection.6.2.3}{\376\377\000D\000i\000m\000e\000n\000s\000i\000\363\000n\000\040\000d\000e\000\040\000E\000s\000t\000u\000d\000i\000a\000n\000t\000e}{section.6.2}% 28
\BOOKMARK [2][-]{subsection.6.2.4}{\376\377\000D\000i\000m\000e\000n\000s\000i\000\363\000n\000\040\000d\000e\000\040\000T\000i\000e\000m\000p\000o}{section.6.2}% 29
\BOOKMARK [2][-]{subsection.6.2.5}{\376\377\000D\000i\000m\000e\000n\000s\000i\000\363\000n\000\040\000d\000e\000\040\000A\000s\000i\000g\000n\000a\000t\000u\000r\000a}{section.6.2}% 30
\BOOKMARK [2][-]{subsection.6.2.6}{\376\377\000D\000i\000m\000e\000n\000s\000i\000\363\000n\000\040\000d\000e\000\040\000C\000u\000r\000s\000o}{section.6.2}% 31
\BOOKMARK [2][-]{subsection.6.2.7}{\376\377\000D\000i\000m\000e\000n\000s\000i\000\363\000n\000\040\000d\000e\000\040\000A\000d\000a\000p\000t\000a\000c\000i\000\363\000n}{section.6.2}% 32
\BOOKMARK [2][-]{subsection.6.2.8}{\376\377\000D\000i\000m\000e\000n\000s\000i\000\363\000n\000\040\000d\000e\000\040\000C\000e\000n\000t\000r\000o}{section.6.2}% 33
\BOOKMARK [2][-]{subsection.6.2.9}{Tabla\040de\040Hechos\040de\040Calificaciones}{section.6.2}% 34
\BOOKMARK [2][-]{subsection.6.2.10}{\376\377\000T\000a\000b\000l\000a\000\040\000d\000e\000\040\000H\000e\000c\000h\000o\000s\000\040\000d\000e\000\040\000r\000e\000n\000d\000i\000m\000i\000e\000n\000t\000o\000\040\000p\000o\000r\000\040\000E\000v\000a\000l\000u\000a\000c\000i\000\363\000n}{section.6.2}% 35
\BOOKMARK [1][-]{section.6.3}{\376\377\000O\000r\000q\000u\000e\000s\000t\000a\000c\000i\000\363\000n\000\040\000y\000\040\000W\000o\000r\000k\000f\000l\000o\000w\000s}{chapter.6}% 36
\BOOKMARK [2][-]{subsection.6.3.1}{Manejo\040de\040Errores\040Multinivel\040\(Error\040Handling\)}{section.6.3}% 37
\BOOKMARK [0][-]{chapter.7}{\376\377\000D\000a\000s\000h\000b\000o\000a\000r\000d\000\040\000A\000n\000a\000l\000\355\000t\000i\000c\000o}{}% 38
\BOOKMARK [1][-]{section.7.1}{Servidor\040Backend\040RESTful\040\(FastAPI\)}{chapter.7}% 39
\BOOKMARK [2][-]{subsection.7.1.1}{Mapeo\040Objeto-Relacional\040\(SQLAlchemy\)}{section.7.1}% 40
\BOOKMARK [2][-]{subsection.7.1.2}{Estructura\040de\040Endpoints\040y\040Seguridad}{section.7.1}% 41
\BOOKMARK [1][-]{section.7.2}{\376\377\000I\000n\000t\000e\000r\000f\000a\000z\000\040\000V\000i\000s\000u\000a\000l\000\040\000e\000\040\000I\000n\000t\000e\000r\000a\000c\000c\000i\000\363\000n\000\040\000\050\000R\000e\000a\000c\000t\000\040\000y\000\040\000V\000i\000t\000e\000\051}{chapter.7}% 42
\BOOKMARK [2][-]{subsection.7.2.1}{\376\377\000S\000i\000s\000t\000e\000m\000a\000\040\000d\000e\000\040\000D\000i\000s\000e\000\361\000o\000:\000\040\000G\000l\000a\000s\000s\000m\000o\000r\000p\000h\000i\000s\000m\000\040\000y\000\040\000T\000e\000m\000a\000s\000\040\000D\000i\000n\000\341\000m\000i\000c\000o\000s}{section.7.2}% 43
\BOOKMARK [2][-]{subsection.7.2.2}{\376\377\000V\000i\000s\000u\000a\000l\000i\000z\000a\000c\000i\000\363\000n\000\040\000d\000e\000\040\000D\000a\000t\000o\000s\000\040\000A\000n\000a\000l\000\355\000t\000i\000c\000o\000s}{section.7.2}% 44
\BOOKMARK [1][-]{section.7.3}{Despliegue\040y\040Enrutamiento\040Web\040\(Nginx\)}{chapter.7}% 45
\BOOKMARK [2][-]{subsection.7.3.1}{\376\377\000A\000r\000q\000u\000i\000t\000e\000c\000t\000u\000r\000a\000\040\000d\000e\000\040\000I\000n\000t\000e\000r\000c\000e\000p\000t\000a\000c\000i\000\363\000n\000\040\000d\000e\000\040\000T\000r\000\341\000f\000i\000c\000o}{section.7.3}% 46
\BOOKMARK [0][-]{chapter.8}{\376\377\000C\000o\000n\000c\000l\000u\000s\000i\000\363\000n\000s}{}% 47
\BOOKMARK [0][-]{appendix.A}{Material\040adicional}{}% 48
\BOOKMARK [0][-]{appendix*.24}{\376\377\000B\000i\000b\000l\000i\000o\000g\000r\000a\000f\000\355\000a}{}% 49
